<?xml version="1.0" encoding="UTF-8"?>
<testng-results ignored="0" total="2" passed="1" failed="1" skipped="0">
  <reporter-output>
  </reporter-output>
  <suite started-at="2021-04-01T14:11:44 IST" name="Suite" finished-at="2021-04-01T14:11:50 IST" duration-ms="6305">
    <groups>
    </groups>
    <test started-at="2021-04-01T14:11:44 IST" name="Test" finished-at="2021-04-01T14:11:50 IST" duration-ms="6305">
      <class name="com.htc.madison.tests.LoginTest">
        <test-method is-config="true" signature="start(java.lang.String)[pri:0, instance:com.htc.madison.tests.LoginTest@38467116]" started-at="2021-04-01T14:11:38 IST" name="start" finished-at="2021-04-01T14:11:44 IST" duration-ms="6226" status="PASS">
          <params>
            <param index="0">
              <value>
                <![CDATA[chrome]]>
              </value>
            </param>
          </params>
          <reporter-output>
          </reporter-output>
        </test-method> <!-- start -->
        <test-method is-config="true" signature="browserSetup()[pri:0, instance:com.htc.madison.tests.LoginTest@38467116]" started-at="2021-04-01T14:11:44 IST" name="browserSetup" finished-at="2021-04-01T14:11:44 IST" duration-ms="65" status="PASS">
          <reporter-output>
          </reporter-output>
        </test-method> <!-- browserSetup -->
        <test-method signature="Valid_And_Invalid_Login(java.util.Map)[pri:0, instance:com.htc.madison.tests.LoginTest@38467116]" started-at="2021-04-01T14:11:45 IST" name="Valid_And_Invalid_Login" data-provider="Madison" finished-at="2021-04-01T14:11:47 IST" duration-ms="2133" status="PASS">
          <params>
            <param index="0">
              <value>
                <![CDATA[{password=ballu123, emailid=ballusam12@gmail.com, assert=MY DASHBOARD}]]>
              </value>
            </param>
          </params>
          <reporter-output>
          </reporter-output>
        </test-method> <!-- Valid_And_Invalid_Login -->
        <test-method is-config="true" signature="doLogout(org.testng.ITestResult)[pri:0, instance:com.htc.madison.tests.LoginTest@38467116]" started-at="2021-04-01T14:11:48 IST" name="doLogout" finished-at="2021-04-01T14:11:48 IST" duration-ms="617" status="PASS">
          <params>
            <param index="0">
              <value>
                <![CDATA[[TestResult name=Valid_And_Invalid_Login status=SUCCESS method=LoginTest.Valid_And_Invalid_Login(java.util.Map)[pri:0, instance:com.htc.madison.tests.LoginTest@38467116] output={null}]]]>
              </value>
            </param>
          </params>
          <reporter-output>
          </reporter-output>
        </test-method> <!-- doLogout -->
        <test-method signature="Valid_And_Invalid_Login(java.util.Map)[pri:0, instance:com.htc.madison.tests.LoginTest@38467116]" started-at="2021-04-01T14:11:48 IST" name="Valid_And_Invalid_Login" data-provider="Madison" finished-at="2021-04-01T14:11:50 IST" duration-ms="1829" status="FAIL">
          <params>
            <param index="0">
              <value>
                <![CDATA[{password=tets123, emailid=ballusam12@gmail.com, assert=MY DASHBOARD
}]]>
              </value>
            </param>
          </params>
          <exception class="java.lang.AssertionError">
            <message>
              <![CDATA[expected [MY DASHBOARD
] but found [LOGIN OR CREATE AN ACCOUNT]]]>
            </message>
            <full-stacktrace>
              <![CDATA[java.lang.AssertionError: expected [MY DASHBOARD
] but found [LOGIN OR CREATE AN ACCOUNT]
at org.testng.Assert.fail(Assert.java:99)
at org.testng.Assert.failNotEquals(Assert.java:1037)
at org.testng.Assert.assertEqualsImpl(Assert.java:140)
at org.testng.Assert.assertEquals(Assert.java:122)
at org.testng.Assert.assertEquals(Assert.java:629)
at org.testng.Assert.assertEquals(Assert.java:639)
at com.htc.madison.tests.LoginTest.Valid_And_Invalid_Login(LoginTest.java:21)
at java.base/jdk.internal.reflect.NativeMethodAccessorImpl.invoke0(Native Method)
at java.base/jdk.internal.reflect.NativeMethodAccessorImpl.invoke(NativeMethodAccessorImpl.java:62)
at java.base/jdk.internal.reflect.DelegatingMethodAccessorImpl.invoke(DelegatingMethodAccessorImpl.java:43)
at java.base/java.lang.reflect.Method.invoke(Method.java:566)
at org.testng.internal.MethodInvocationHelper.invokeMethod(MethodInvocationHelper.java:132)
at org.testng.internal.TestInvoker.invokeMethod(TestInvoker.java:599)
at org.testng.internal.TestInvoker.invokeTestMethod(TestInvoker.java:174)
at org.testng.internal.MethodRunner.runInSequence(MethodRunner.java:46)
at org.testng.internal.TestInvoker$MethodInvocationAgent.invoke(TestInvoker.java:822)
at org.testng.internal.TestInvoker.invokeTestMethods(TestInvoker.java:147)
at org.testng.internal.TestMethodWorker.invokeTestMethods(TestMethodWorker.java:146)
at org.testng.internal.TestMethodWorker.run(TestMethodWorker.java:128)
at java.base/java.util.ArrayList.forEach(ArrayList.java:1541)
at org.testng.TestRunner.privateRun(TestRunner.java:764)
at org.testng.TestRunner.run(TestRunner.java:585)
at org.testng.SuiteRunner.runTest(SuiteRunner.java:384)
at org.testng.SuiteRunner.runSequentially(SuiteRunner.java:378)
at org.testng.SuiteRunner.privateRun(SuiteRunner.java:337)
at org.testng.SuiteRunner.run(SuiteRunner.java:286)
at org.testng.SuiteRunnerWorker.runSuite(SuiteRunnerWorker.java:53)
at org.testng.SuiteRunnerWorker.run(SuiteRunnerWorker.java:96)
at org.testng.TestNG.runSuitesSequentially(TestNG.java:1218)
at org.testng.TestNG.runSuitesLocally(TestNG.java:1140)
at org.testng.TestNG.runSuites(TestNG.java:1069)
at org.testng.TestNG.run(TestNG.java:1037)
at org.testng.remote.AbstractRemoteTestNG.run(AbstractRemoteTestNG.java:115)
at org.testng.remote.RemoteTestNG.initAndRun(RemoteTestNG.java:251)
at org.testng.remote.RemoteTestNG.main(RemoteTestNG.java:77)
]]>
            </full-stacktrace>
          </exception> <!-- java.lang.AssertionError -->
          <reporter-output>
          </reporter-output>
        </test-method> <!-- Valid_And_Invalid_Login -->
        <test-method is-config="true" signature="doLogout(org.testng.ITestResult)[pri:0, instance:com.htc.madison.tests.LoginTest@38467116]" started-at="2021-04-01T14:11:50 IST" name="doLogout" finished-at="2021-04-01T14:11:50 IST" duration-ms="0" status="PASS">
          <params>
            <param index="0">
              <value>
                <![CDATA[[TestResult name=Valid_And_Invalid_Login status=FAILURE method=LoginTest.Valid_And_Invalid_Login(java.util.Map)[pri:0, instance:com.htc.madison.tests.LoginTest@38467116] output={null}]]]>
              </value>
            </param>
          </params>
          <reporter-output>
          </reporter-output>
        </test-method> <!-- doLogout -->
      </class> <!-- com.htc.madison.tests.LoginTest -->
    </test> <!-- Test -->
  </suite> <!-- Suite -->
</testng-results>
